<?xml version="1.0" encoding="UTF-8"?>
<!-- Generated by org.testng.reporters.JUnitReportReporter -->
<testsuite hostname="DESKTOP-MSCIP15" failures="0" tests="10" name="tests.LoginTests" time="41.759" errors="0" timestamp="2025-07-21T13:40:50 GMT-07:00" skipped="0">
  <testcase classname="tests.LoginTests" name="testLoginScenarios" time="5.130"/>
  <testcase classname="tests.LoginTests" name="testLoginScenarios" time="4.522"/>
  <testcase classname="tests.LoginTests" name="testLoginScenarios" time="4.235"/>
  <testcase classname="tests.LoginTests" name="verifyPasswordIsMasked" time="2.562"/>
  <testcase classname="tests.LoginTests" name="verifyPasswordIsMasked" time="2.808"/>
  <testcase classname="tests.LoginTests" name="testLoginScenarios" time="4.257"/>
  <testcase classname="tests.LoginTests" name="testLoginScenarios" time="4.718"/>
  <testcase classname="tests.LoginTests" name="testLoginScenarios" time="4.388"/>
  <testcase classname="tests.LoginTests" name="testLoginScenarios" time="4.679"/>
  <testcase classname="tests.LoginTests" name="testLoginScenarios" time="4.460"/>
</testsuite> <!-- tests.LoginTests -->
