<?xml version="1.0" encoding="UTF-8"?>
<!-- Generated by org.testng.reporters.JUnitReportReporter -->
<testsuite hostname="DESKTOP-MSCIP15" failures="0" tests="4" name="tests.SignUpTests" time="19.890" errors="0" timestamp="2025-07-13T06:15:43 GMT-07:00" skipped="0">
  <testcase classname="tests.SignUpTests" name="testSignUpScenarios" time="4.595"/>
  <testcase classname="tests.SignUpTests" name="testSignUpScenarios" time="4.700"/>
  <testcase classname="tests.SignUpTests" name="testSignUpScenarios" time="5.976"/>
  <testcase classname="tests.SignUpTests" name="testSignUpScenarios" time="4.619"/>
</testsuite> <!-- tests.SignUpTests -->
