<?xml version="1.0" encoding="UTF-8"?>
<!-- Generated by org.testng.reporters.JUnitReportReporter -->
<testsuite hostname="DESKTOP-MSCIP15" failures="0" tests="4" name="tests.SignUpTests" time="20.887" errors="0" timestamp="2025-07-19T23:31:22 GMT-07:00" skipped="0">
  <testcase classname="tests.SignUpTests" name="testSignUpScenarios" time="4.973"/>
  <testcase classname="tests.SignUpTests" name="testSignUpScenarios" time="5.320"/>
  <testcase classname="tests.SignUpTests" name="testSignUpScenarios" time="5.212"/>
  <testcase classname="tests.SignUpTests" name="testSignUpScenarios" time="5.382"/>
</testsuite> <!-- tests.SignUpTests -->
