<?xml version="1.0" encoding="UTF-8"?>
<!-- Generated by org.testng.reporters.JUnitReportReporter -->
<testsuite hostname="DESKTOP-MSCIP15" failures="0" tests="5" name="tests.SessionManagementTests" time="22.684" errors="0" timestamp="2025-07-19T23:31:22 GMT-07:00" skipped="0">
  <testcase classname="tests.SessionManagementTests" name="testLogoutRedirectsToLogin" time="4.900"/>
  <testcase classname="tests.SessionManagementTests" name="testLoginStateOnRefresh" time="4.524"/>
  <testcase classname="tests.SessionManagementTests" name="testLoginRequiredForContactList" time="3.005"/>
  <testcase classname="tests.SessionManagementTests" name="testBackButtonAfterLogout" time="4.986"/>
  <testcase classname="tests.SessionManagementTests" name="testContactFormAlignment" time="5.269"/>
</testsuite> <!-- tests.SessionManagementTests -->
