<?xml version="1.0" encoding="UTF-8"?>
<!-- Generated by org.testng.reporters.JUnitReportReporter -->
<testsuite hostname="DESKTOP-MSCIP15" failures="0" tests="6" name="tests.EditContactTests" time="97.363" errors="0" timestamp="2025-07-21T13:40:50 GMT-07:00" skipped="0">
  <testcase classname="tests.EditContactTests" name="testEditContact" time="17.247"/>
  <testcase classname="tests.EditContactTests" name="testEditContact" time="17.032"/>
  <testcase classname="tests.EditContactTests" name="testEditContact" time="16.551"/>
  <testcase classname="tests.EditContactTests" name="testEditContact" time="17.620"/>
  <testcase classname="tests.EditContactTests" name="testEditContact" time="14.593"/>
  <testcase classname="tests.EditContactTests" name="testEditContact" time="14.320"/>
</testsuite> <!-- tests.EditContactTests -->
