<?xml version="1.0" encoding="UTF-8"?>
<!-- Generated by org.testng.reporters.JUnitReportReporter -->
<testsuite hostname="DESKTOP-MSCIP15" failures="0" tests="10" name="tests.SessionManagementTests" time="48.395" errors="0" timestamp="2025-07-21T13:40:50 GMT-07:00" skipped="0">
  <testcase classname="tests.SessionManagementTests" name="testLogoutRedirectsToLogin" time="5.250"/>
  <testcase classname="tests.SessionManagementTests" name="testLogoutRedirectsToLogin" time="5.196"/>
  <testcase classname="tests.SessionManagementTests" name="testLoginStateOnRefresh" time="5.075"/>
  <testcase classname="tests.SessionManagementTests" name="testLoginStateOnRefresh" time="5.420"/>
  <testcase classname="tests.SessionManagementTests" name="testLoginRequiredForContactList" time="3.154"/>
  <testcase classname="tests.SessionManagementTests" name="testLoginRequiredForContactList" time="3.440"/>
  <testcase classname="tests.SessionManagementTests" name="testBackButtonAfterLogout" time="5.269"/>
  <testcase classname="tests.SessionManagementTests" name="testBackButtonAfterLogout" time="4.985"/>
  <testcase classname="tests.SessionManagementTests" name="testContactFormAlignment" time="5.426"/>
  <testcase classname="tests.SessionManagementTests" name="testContactFormAlignment" time="5.180"/>
</testsuite> <!-- tests.SessionManagementTests -->
