<?xml version="1.0" encoding="UTF-8"?>
<!-- Generated by org.testng.reporters.JUnitReportReporter -->
<testsuite hostname="DESKTOP-MSCIP15" failures="0" tests="4" name="tests.LoginTests" time="15.587" errors="0" timestamp="2025-07-14T00:03:53 GMT-07:00" skipped="0">
  <testcase classname="tests.LoginTests" name="testLoginScenarios" time="4.212"/>
  <testcase classname="tests.LoginTests" name="testLoginScenarios" time="3.649"/>
  <testcase classname="tests.LoginTests" name="testLoginScenarios" time="3.629"/>
  <testcase classname="tests.LoginTests" name="testLoginScenarios" time="4.097"/>
</testsuite> <!-- tests.LoginTests -->
