<?xml version="1.0" encoding="UTF-8"?>
<!-- Generated by org.testng.reporters.JUnitReportReporter -->
<testsuite hostname="DESKTOP-MSCIP15" failures="0" tests="5" name="tests.AddContactTests" time="35.614" errors="0" timestamp="2025-07-19T23:31:22 GMT-07:00" skipped="0">
  <testcase classname="tests.AddContactTests" name="testAddContactScenarios" time="6.900"/>
  <testcase classname="tests.AddContactTests" name="testAddContactScenarios" time="6.538"/>
  <testcase classname="tests.AddContactTests" name="testAddContactScenarios" time="6.664"/>
  <testcase classname="tests.AddContactTests" name="testAddContactScenarios" time="6.930"/>
  <testcase classname="tests.AddContactTests" name="testAddContactScenarios" time="8.582"/>
</testsuite> <!-- tests.AddContactTests -->
