<?xml version="1.0" encoding="UTF-8"?>
<!-- Generated by org.testng.reporters.JUnitReportReporter -->
<testsuite hostname="DESKTOP-MSCIP15" failures="0" tests="10" name="tests.AddContactTests" time="79.126" errors="0" timestamp="2025-07-21T13:40:50 GMT-07:00" skipped="0">
  <testcase classname="tests.AddContactTests" name="testAddContactScenarios" time="8.321"/>
  <testcase classname="tests.AddContactTests" name="testAddContactScenarios" time="7.430"/>
  <testcase classname="tests.AddContactTests" name="testAddContactScenarios" time="8.189"/>
  <testcase classname="tests.AddContactTests" name="testAddContactScenarios" time="8.706"/>
  <testcase classname="tests.AddContactTests" name="testAddContactScenarios" time="8.974"/>
  <testcase classname="tests.AddContactTests" name="testAddContactScenarios" time="8.353"/>
  <testcase classname="tests.AddContactTests" name="testAddContactScenarios" time="7.633"/>
  <testcase classname="tests.AddContactTests" name="testAddContactScenarios" time="6.809"/>
  <testcase classname="tests.AddContactTests" name="testAddContactScenarios" time="6.988"/>
  <testcase classname="tests.AddContactTests" name="testAddContactScenarios" time="7.723"/>
</testsuite> <!-- tests.AddContactTests -->
