<?xml version="1.0" encoding="UTF-8"?>
<!-- Generated by org.testng.reporters.JUnitReportReporter -->
<testsuite hostname="DESKTOP-MSCIP15" failures="0" tests="5" name="tests.AddContactTests" time="37.321" errors="0" timestamp="2025-07-14T17:27:28 GMT-07:00" skipped="0">
  <testcase classname="tests.AddContactTests" name="testAddContactScenarios" time="6.390"/>
  <testcase classname="tests.AddContactTests" name="testAddContactScenarios" time="7.518"/>
  <testcase classname="tests.AddContactTests" name="testAddContactScenarios" time="7.961"/>
  <testcase classname="tests.AddContactTests" name="testAddContactScenarios" time="7.878"/>
  <testcase classname="tests.AddContactTests" name="testAddContactScenarios" time="7.574"/>
</testsuite> <!-- tests.AddContactTests -->
