<?xml version="1.0" encoding="UTF-8"?>
<!-- Generated by org.testng.reporters.JUnitReportReporter -->
<testsuite hostname="DESKTOP-MSCIP15" failures="0" tests="5" name="tests.LoginTests" time="19.050" errors="0" timestamp="2025-07-19T23:31:22 GMT-07:00" skipped="0">
  <testcase classname="tests.LoginTests" name="testLoginScenarios" time="3.856"/>
  <testcase classname="tests.LoginTests" name="testLoginScenarios" time="3.972"/>
  <testcase classname="tests.LoginTests" name="testLoginScenarios" time="4.097"/>
  <testcase classname="tests.LoginTests" name="testLoginScenarios" time="4.664"/>
  <testcase classname="tests.LoginTests" name="verifyPasswordIsMasked" time="2.461"/>
</testsuite> <!-- tests.LoginTests -->
