<?xml version="1.0" encoding="UTF-8"?>
<!-- Generated by org.testng.reporters.JUnitReportReporter -->
<testsuite hostname="DESKTOP-MSCIP15" failures="0" tests="6" name="tests.DeleteContactTests" time="110.069" errors="0" timestamp="2025-07-21T13:40:50 GMT-07:00" skipped="0">
  <testcase classname="tests.DeleteContactTests" name="testDeleteContact" time="15.592"/>
  <testcase classname="tests.DeleteContactTests" name="testDeleteContact" time="15.443"/>
  <testcase classname="tests.DeleteContactTests" name="testDeleteContact" time="6.334"/>
  <testcase classname="tests.DeleteContactTests" name="testDeleteContact" time="32.408"/>
  <testcase classname="tests.DeleteContactTests" name="testDeleteContact" time="7.140"/>
  <testcase classname="tests.DeleteContactTests" name="testDeleteContact" time="33.152"/>
</testsuite> <!-- tests.DeleteContactTests -->
