<?xml version="1.0" encoding="UTF-8"?>
<!-- Generated by org.testng.reporters.JUnitReportReporter -->
<testsuite hostname="DESKTOP-MSCIP15" failures="0" tests="3" name="tests.EditContactTests" time="46.700" errors="0" timestamp="2025-07-19T23:31:22 GMT-07:00" skipped="0">
  <testcase classname="tests.EditContactTests" name="testEditContact" time="16.443"/>
  <testcase classname="tests.EditContactTests" name="testEditContact" time="14.247"/>
  <testcase classname="tests.EditContactTests" name="testEditContact" time="16.010"/>
</testsuite> <!-- tests.EditContactTests -->
