<?xml version="1.0" encoding="UTF-8"?>
<!-- Generated by org.testng.reporters.JUnitReportReporter -->
<testsuite hostname="DESKTOP-MSCIP15" failures="0" tests="10" name="tests.LoginTests" time="40.825" errors="0" timestamp="2025-07-21T14:03:46 GMT-07:00" skipped="0">
  <testcase classname="tests.LoginTests" name="testLoginScenarios" time="4.348"/>
  <testcase classname="tests.LoginTests" name="testLoginScenarios" time="4.499"/>
  <testcase classname="tests.LoginTests" name="testLoginScenarios" time="4.693"/>
  <testcase classname="tests.LoginTests" name="testLoginScenarios" time="4.359"/>
  <testcase classname="tests.LoginTests" name="testLoginScenarios" time="4.312"/>
  <testcase classname="tests.LoginTests" name="verifyPasswordIsMasked" time="3.195"/>
  <testcase classname="tests.LoginTests" name="verifyPasswordIsMasked" time="2.609"/>
  <testcase classname="tests.LoginTests" name="testLoginScenarios" time="4.338"/>
  <testcase classname="tests.LoginTests" name="testLoginScenarios" time="4.300"/>
  <testcase classname="tests.LoginTests" name="testLoginScenarios" time="4.172"/>
</testsuite> <!-- tests.LoginTests -->
