<?xml version="1.0" encoding="UTF-8"?>
<!-- Generated by org.testng.reporters.JUnitReportReporter -->
<testsuite hostname="DESKTOP-MSCIP15" failures="0" tests="6" name="tests.EditContactTests" time="97.435" errors="0" timestamp="2025-07-21T14:03:46 GMT-07:00" skipped="0">
  <testcase classname="tests.EditContactTests" name="testEditContact" time="14.080"/>
  <testcase classname="tests.EditContactTests" name="testEditContact" time="15.366"/>
  <testcase classname="tests.EditContactTests" name="testEditContact" time="16.490"/>
  <testcase classname="tests.EditContactTests" name="testEditContact" time="18.131"/>
  <testcase classname="tests.EditContactTests" name="testEditContact" time="17.060"/>
  <testcase classname="tests.EditContactTests" name="testEditContact" time="16.308"/>
</testsuite> <!-- tests.EditContactTests -->
