<?xml version="1.0" encoding="UTF-8"?>
<!-- Generated by org.testng.reporters.JUnitReportReporter -->
<testsuite hostname="DESKTOP-MSCIP15" failures="0" tests="10" name="tests.AddContactTests" time="87.426" errors="0" timestamp="2025-07-21T14:03:46 GMT-07:00" skipped="0">
  <testcase classname="tests.AddContactTests" name="testAddContactScenarios" time="8.353"/>
  <testcase classname="tests.AddContactTests" name="testAddContactScenarios" time="8.137"/>
  <testcase classname="tests.AddContactTests" name="testAddContactScenarios" time="8.092"/>
  <testcase classname="tests.AddContactTests" name="testAddContactScenarios" time="7.491"/>
  <testcase classname="tests.AddContactTests" name="testAddContactScenarios" time="8.751"/>
  <testcase classname="tests.AddContactTests" name="testAddContactScenarios" time="8.700"/>
  <testcase classname="tests.AddContactTests" name="testAddContactScenarios" time="10.183"/>
  <testcase classname="tests.AddContactTests" name="testAddContactScenarios" time="8.956"/>
  <testcase classname="tests.AddContactTests" name="testAddContactScenarios" time="11.294"/>
  <testcase classname="tests.AddContactTests" name="testAddContactScenarios" time="7.469"/>
</testsuite> <!-- tests.AddContactTests -->
