<?xml version="1.0" encoding="UTF-8"?>
<!-- Generated by org.testng.reporters.JUnitReportReporter -->
<testsuite hostname="DESKTOP-MSCIP15" failures="0" tests="10" name="tests.SessionManagementTests" time="48.334" errors="0" timestamp="2025-07-21T14:03:46 GMT-07:00" skipped="0">
  <testcase classname="tests.SessionManagementTests" name="testLogoutRedirectsToLogin" time="4.847"/>
  <testcase classname="tests.SessionManagementTests" name="testLogoutRedirectsToLogin" time="5.119"/>
  <testcase classname="tests.SessionManagementTests" name="testLoginStateOnRefresh" time="4.879"/>
  <testcase classname="tests.SessionManagementTests" name="testLoginStateOnRefresh" time="4.859"/>
  <testcase classname="tests.SessionManagementTests" name="testLoginRequiredForContactList" time="3.522"/>
  <testcase classname="tests.SessionManagementTests" name="testLoginRequiredForContactList" time="3.305"/>
  <testcase classname="tests.SessionManagementTests" name="testBackButtonAfterLogout" time="5.043"/>
  <testcase classname="tests.SessionManagementTests" name="testBackButtonAfterLogout" time="5.399"/>
  <testcase classname="tests.SessionManagementTests" name="testContactFormAlignment" time="5.665"/>
  <testcase classname="tests.SessionManagementTests" name="testContactFormAlignment" time="5.696"/>
</testsuite> <!-- tests.SessionManagementTests -->
