<?xml version="1.0" encoding="UTF-8"?>
<!-- Generated by org.testng.reporters.JUnitReportReporter -->
<testsuite hostname="DESKTOP-MSCIP15" failures="0" tests="6" name="tests.DeleteContactTests" time="101.682" errors="0" timestamp="2025-07-21T14:03:46 GMT-07:00" skipped="0">
  <testcase classname="tests.DeleteContactTests" name="testDeleteContact" time="6.164"/>
  <testcase classname="tests.DeleteContactTests" name="testDeleteContact" time="29.305"/>
  <testcase classname="tests.DeleteContactTests" name="testDeleteContact" time="15.703"/>
  <testcase classname="tests.DeleteContactTests" name="testDeleteContact" time="6.906"/>
  <testcase classname="tests.DeleteContactTests" name="testDeleteContact" time="28.145"/>
  <testcase classname="tests.DeleteContactTests" name="testDeleteContact" time="15.459"/>
</testsuite> <!-- tests.DeleteContactTests -->
